<?xml version="1.0" encoding="UTF-8" ?>
<testsuite errors="0" failures="0" name="com.tophatter.AppTest" skipped="0" tests="0" time="0">
  <properties>
    <property name="idea.version" value="2016.3.3"/>
    <property name="java.runtime.name" value="Java(TM) SE Runtime Environment"/>
    <property name="sun.boot.library.path" value="D:\Program Files\Java\jdk1.8.0_91\jre\bin"/>
    <property name="java.vm.version" value="25.91-b14"/>
    <property name="java.vm.vendor" value="Oracle Corporation"/>
    <property name="maven.multiModuleProjectDirectory" value="D:\talkingdata\code\github\crawler"/>
    <property name="java.vendor.url" value="http://java.oracle.com/"/>
    <property name="path.separator" value=";"/>
    <property name="guice.disable.misplaced.annotation.check" value="true"/>
    <property name="java.vm.name" value="Java HotSpot(TM) 64-Bit Server VM"/>
    <property name="file.encoding.pkg" value="sun.io"/>
    <property name="idea.launcher.port" value="7533"/>
    <property name="user.script" value=""/>
    <property name="user.country" value="CN"/>
    <property name="sun.java.launcher" value="SUN_STANDARD"/>
    <property name="sun.os.patch.level" value="Service Pack 1"/>
    <property name="java.vm.specification.name" value="Java Virtual Machine Specification"/>
    <property name="user.dir" value="D:\talkingdata\code\github\crawler"/>
    <property name="java.runtime.version" value="1.8.0_91-b14"/>
    <property name="java.awt.graphicsenv" value="sun.awt.Win32GraphicsEnvironment"/>
    <property name="java.endorsed.dirs" value="D:\Program Files\Java\jdk1.8.0_91\jre\lib\endorsed"/>
    <property name="os.arch" value="amd64"/>
    <property name="java.io.tmpdir" value="C:\Users\OSTARS~1\AppData\Local\Temp\"/>
    <property name="line.separator" value="
"/>
    <property name="java.vm.specification.vendor" value="Oracle Corporation"/>
    <property name="user.variant" value=""/>
    <property name="os.name" value="Windows 7"/>
    <property name="classworlds.conf" value="D:\install.soft\apache-maven-3.3.9-bin\bin\m2.conf"/>
    <property name="sun.jnu.encoding" value="GBK"/>
    <property name="java.library.path"
      value="D:\Program Files\Java\jdk1.8.0_91\bin;C:\Windows\Sun\Java\bin;C:\Windows\system32;C:\Windows;C:\ProgramData\Oracle\Java\javapath;C:\Windows\system32;C:\Windows;C:\Windows\System32\Wbem;C:\Windows\System32\WindowsPowerShell\v1.0\;C:\Program Files\Intel\WiFi\bin\;C:\Program Files\Common Files\Intel\WirelessCommon\;D:\Program Files (x86)\scala\bin;D:\Program Files (x86)\sbt\bin;D:\Program Files\Git\cmd;D:\install.soft\apache-maven-3.3.9-bin\bin;D:\install.soft\mysql-5.6.24-win32.1432006610\mysql-5.6.24-win32\bin;D:\Program Files\Java\jdk1.8.0_91\bin;D:\Program Files\erl8.1\bin:D:\Program Files\RabbitMQ Server\rabbitmq_server-3.6.5\sbin;D:\Program Files\nodejs\;C:\Go\bin;D:\talkingdata\code\idea\golang\bin;ang\bin;D:\talkingdata\soft\Binaries-LuaDist-batteries-0.9.8-Windows-x86\Binaries-LuaDist-batteries-0.9.8-Windows-x86\bin;D:\Program Files\MongoDB\Server\3.4\bin;D:\install.soft\gradle-3.3-bin\gradle-3.3\bin;C:\Program Files\Intel\WiFi\bin\;C:\Program Files\Common Files\Intel\WirelessCommon\;C:\Users\ostarsier\AppData\Local\atom\bin;C:\Users\ostarsier\AppData\Roaming\npm;."/>
    <property name="java.specification.name" value="Java Platform API Specification"/>
    <property name="java.class.version" value="52.0"/>
    <property name="sun.management.compiler" value="HotSpot 64-Bit Tiered Compilers"/>
    <property name="os.version" value="6.1"/>
    <property name="user.home" value="C:\Users\ostarsier"/>
    <property name="user.timezone" value="Asia/Shanghai"/>
    <property name="java.awt.printerjob" value="sun.awt.windows.WPrinterJob"/>
    <property name="java.specification.version" value="1.8"/>
    <property name="idea.launcher.bin.path"
      value="D:\Program Files (x86)\JetBrains\IntelliJ IDEA 2016.3.2\bin"/>
    <property name="file.encoding" value="UTF-8"/>
    <property name="user.name" value="ostarsier"/>
    <property name="java.class.path"
      value="D:\install.soft\apache-maven-3.3.9-bin\boot\plexus-classworlds-2.5.2.jar;D:\Program Files (x86)\JetBrains\IntelliJ IDEA 2016.3.2\lib\idea_rt.jar"/>
    <property name="java.vm.specification.version" value="1.8"/>
    <property name="sun.arch.data.model" value="64"/>
    <property name="java.home" value="D:\Program Files\Java\jdk1.8.0_91\jre"/>
    <property name="sun.java.command"
      value="com.intellij.rt.execution.application.AppMain org.codehaus.classworlds.Launcher -Didea.version=2016.3.3 package"/>
    <property name="java.specification.vendor" value="Oracle Corporation"/>
    <property name="user.language" value="zh"/>
    <property name="awt.toolkit" value="sun.awt.windows.WToolkit"/>
    <property name="java.vm.info" value="mixed mode"/>
    <property name="java.version" value="1.8.0_91"/>
    <property name="java.ext.dirs"
      value="D:\Program Files\Java\jdk1.8.0_91\jre\lib\ext;C:\Windows\Sun\Java\lib\ext"/>
    <property name="sun.boot.class.path"
      value="D:\Program Files\Java\jdk1.8.0_91\jre\lib\resources.jar;D:\Program Files\Java\jdk1.8.0_91\jre\lib\rt.jar;D:\Program Files\Java\jdk1.8.0_91\jre\lib\sunrsasign.jar;D:\Program Files\Java\jdk1.8.0_91\jre\lib\jsse.jar;D:\Program Files\Java\jdk1.8.0_91\jre\lib\jce.jar;D:\Program Files\Java\jdk1.8.0_91\jre\lib\charsets.jar;D:\Program Files\Java\jdk1.8.0_91\jre\lib\jfr.jar;D:\Program Files\Java\jdk1.8.0_91\jre\classes"/>
    <property name="java.vendor" value="Oracle Corporation"/>
    <property name="maven.home" value="D:\install.soft\apache-maven-3.3.9-bin"/>
    <property name="file.separator" value="\"/>
    <property name="java.vendor.url.bug" value="http://bugreport.sun.com/bugreport/"/>
    <property name="sun.cpu.endian" value="little"/>
    <property name="sun.io.unicode.encoding" value="UnicodeLittle"/>
    <property name="sun.desktop" value="windows"/>
    <property name="sun.cpu.isalist" value="amd64"/>
  </properties>
</testsuite>